<?xml version="1.0" encoding="UTF-8"?>
<!-- Generated by org.testng.reporters.JUnitReportReporter -->
<testsuite hostname="MININT-AC2OSS5" failures="0" tests="5" name="cucumberOptions.TestRunner" time="151.468" errors="0" timestamp="2022-03-27T02:41:11 IST" skipped="0">
  <testcase classname="cucumberOptions.TestRunner" name="runScenario" time="32.918"/>
  <system-out/>
  <testcase classname="cucumberOptions.TestRunner" name="runScenario" time="33.421"/>
  <system-out/>
  <testcase classname="cucumberOptions.TestRunner" name="runScenario" time="32.269"/>
  <system-out/>
  <testcase classname="cucumberOptions.TestRunner" name="runScenario" time="35.205"/>
  <system-out/>
  <testcase classname="cucumberOptions.TestRunner" name="runScenario" time="17.655"/>
  <system-out/>
</testsuite> <!-- cucumberOptions.TestRunner -->
