<?xml version="1.0" encoding="UTF-8"?>
<!-- Generated by org.testng.reporters.JUnitReportReporter -->
<testsuite hostname="MININT-AC2OSS5" failures="0" tests="3" name="PaceMatic.qaClickAppTests.HomePageTest" time="129.781" errors="0" timestamp="2022-03-27T09:41:48 IST" skipped="0">
  <testcase classname="PaceMatic.qaClickAppTests.HomePageTest" name="BasePageNavigation" time="29.171"/>
  <system-out/>
  <testcase classname="PaceMatic.qaClickAppTests.HomePageTest" name="BasePageNavigation" time="47.172"/>
  <system-out/>
  <testcase classname="PaceMatic.qaClickAppTests.HomePageTest" name="BasePageNavigation" time="53.438"/>
  <system-out/>
</testsuite> <!-- PaceMatic.qaClickAppTests.HomePageTest -->
