<?xml version="1.0" encoding="UTF-8"?>
<!-- Generated by org.testng.reporters.JUnitReportReporter -->
<testsuite hostname="MININT-AC2OSS5" failures="0" tests="1" name="PaceMatic.OHRMAppTests.OHRMDataDrivenTest" time="53.847" errors="0" timestamp="2022-03-27T09:12:36 IST" skipped="0">
  <testcase classname="PaceMatic.OHRMAppTests.OHRMDataDrivenTest" name="LoginDDTTest" time="53.847"/>
  <system-out/>
</testsuite> <!-- PaceMatic.OHRMAppTests.OHRMDataDrivenTest -->
