<?xml version="1.0" encoding="UTF-8"?>
<!-- Generated by org.testng.reporters.JUnitReportReporter -->
<testsuite hostname="MININT-AC2OSS5" failures="0" tests="1" name="pageFactoryTestCases.OHRMDataDrivenTest" time="49.712" errors="0" timestamp="2022-03-27T01:21:30 IST" skipped="0">
  <testcase classname="pageFactoryTestCases.OHRMDataDrivenTest" name="LoginDDTTest" time="49.712"/>
  <system-out/>
</testsuite> <!-- pageFactoryTestCases.OHRMDataDrivenTest -->
