<?xml version="1.0" encoding="UTF-8"?>
<!-- Generated by org.testng.reporters.JUnitReportReporter -->
<testsuite hostname="MININT-AC2OSS5" failures="0" tests="1" name="PaceMatic.OHRMAppTests.OHRMForgotPasswordTest" time="15.551" errors="0" timestamp="2022-03-27T01:45:58 IST" skipped="0">
  <testcase classname="PaceMatic.OHRMAppTests.OHRMForgotPasswordTest" name="ForgotPasswordTest" time="15.551"/>
  <system-out/>
</testsuite> <!-- PaceMatic.OHRMAppTests.OHRMForgotPasswordTest -->
