<?xml version="1.0" encoding="UTF-8"?>
<!-- Generated by org.testng.reporters.JUnitReportReporter -->
<testsuite hostname="MININT-AC2OSS5" failures="0" tests="1" name="pageFactoryTestCases.OHRMLoginLogout" time="13.786" errors="0" timestamp="2022-03-27T01:04:37 IST" skipped="0">
  <testcase classname="pageFactoryTestCases.OHRMLoginLogout" name="mainMethod" time="13.786"/>
  <system-out/>
</testsuite> <!-- pageFactoryTestCases.OHRMLoginLogout -->
