<?xml version="1.0" encoding="UTF-8"?>
<!-- Generated by org.testng.reporters.JUnitReportReporter -->
<testsuite hostname="MININT-AC2OSS5" failures="0" tests="1" name="PaceMatic.OHRMAppTests.OHRMLoginLogout" time="12.506" errors="0" timestamp="2022-03-27T02:58:47 IST" skipped="0">
  <testcase classname="PaceMatic.OHRMAppTests.OHRMLoginLogout" name="mainMethod" time="12.506"/>
  <system-out/>
</testsuite> <!-- PaceMatic.OHRMAppTests.OHRMLoginLogout -->
