<?xml version="1.0" encoding="UTF-8"?>
<!-- Generated by org.testng.reporters.JUnitReportReporter -->
<testsuite hostname="MININT-AC2OSS5" failures="0" tests="1" name="PaceMatic.qaClickAppTests.ValidateTitle" time="16.565" errors="0" timestamp="2022-03-27T02:58:47 IST" skipped="0">
  <testcase classname="PaceMatic.qaClickAppTests.ValidateTitle" name="TitleTest" time="16.565"/>
  <system-out/>
</testsuite> <!-- PaceMatic.qaClickAppTests.ValidateTitle -->
