<?xml version="1.0" encoding="UTF-8"?>
<!-- Generated by org.testng.reporters.JUnitReportReporter -->
<testsuite hostname="MININT-AC2OSS5" failures="0" tests="5" name="cucumberOptions.TestRunner" time="134.292" errors="0" timestamp="2022-03-27T02:58:47 IST" skipped="0">
  <testcase classname="cucumberOptions.TestRunner" name="runScenario" time="32.963"/>
  <system-out/>
  <testcase classname="cucumberOptions.TestRunner" name="runScenario" time="30.465"/>
  <system-out/>
  <testcase classname="cucumberOptions.TestRunner" name="runScenario" time="11.310"/>
  <system-out/>
  <testcase classname="cucumberOptions.TestRunner" name="runScenario" time="29.684"/>
  <system-out/>
  <testcase classname="cucumberOptions.TestRunner" name="runScenario" time="29.870"/>
  <system-out/>
</testsuite> <!-- cucumberOptions.TestRunner -->
