<?xml version="1.0" encoding="UTF-8"?>
<!-- Generated by org.testng.reporters.JUnitReportReporter -->
<testsuite hostname="MININT-AC2OSS5" failures="0" tests="3" name="PaceMatic.qaClickAppTests.HomePageTest" time="70.505" errors="0" timestamp="2022-03-27T02:58:47 IST" skipped="0">
  <testcase classname="PaceMatic.qaClickAppTests.HomePageTest" name="BasePageNavigation" time="24.604"/>
  <system-out/>
  <testcase classname="PaceMatic.qaClickAppTests.HomePageTest" name="BasePageNavigation" time="17.436"/>
  <system-out/>
  <testcase classname="PaceMatic.qaClickAppTests.HomePageTest" name="BasePageNavigation" time="28.465"/>
  <system-out/>
</testsuite> <!-- PaceMatic.qaClickAppTests.HomePageTest -->
